<?xml version="1.0" encoding="UTF-8"?>
<!-- Generated by org.testng.reporters.JUnitReportReporter -->
<testsuite hostname="DCCPL0634" failures="0" tests="5" name="com.qa.opencart.tests.HomePageTest" time="1.068" errors="0" timestamp="2024-10-07T11:36:18 IST" skipped="0">
  <testcase classname="com.qa.opencart.tests.HomePageTest" name="searchResultTest" time="0.287"/>
  <system-out/>
  <testcase classname="com.qa.opencart.tests.HomePageTest" name="searchResultTest" time="0.435"/>
  <system-out/>
  <testcase classname="com.qa.opencart.tests.HomePageTest" name="homePageUrlTest" time="0.006"/>
  <system-out/>
  <testcase classname="com.qa.opencart.tests.HomePageTest" name="homePageTitleTest" time="0.019"/>
  <system-out/>
  <testcase classname="com.qa.opencart.tests.HomePageTest" name="searchResultTest" time="0.321"/>
  <system-out/>
</testsuite> <!-- com.qa.opencart.tests.HomePageTest -->
