<?xml version="1.0" encoding="UTF-8"?>
<!-- Generated by org.testng.reporters.JUnitReportReporter -->
<testsuite hostname="DCCPL0634" failures="0" tests="5" name="com.qa.opencart.tests.HomePageTest" time="1.216" errors="0" timestamp="08 Oct 2024 09:57:10 GMT" skipped="0">
  <testcase classname="com.qa.opencart.tests.HomePageTest" name="searchResultTest" time="0.283"/>
  <testcase classname="com.qa.opencart.tests.HomePageTest" name="homePageUrlTest" time="0.207"/>
  <testcase classname="com.qa.opencart.tests.HomePageTest" name="homePageTitleTest" time="0.011"/>
  <testcase classname="com.qa.opencart.tests.HomePageTest" name="searchResultTest" time="0.380"/>
  <testcase classname="com.qa.opencart.tests.HomePageTest" name="searchResultTest" time="0.335"/>
</testsuite> <!-- com.qa.opencart.tests.HomePageTest -->
