<?xml version="1.0" encoding="UTF-8"?>
<!-- Generated by org.testng.reporters.JUnitReportReporter -->
<testsuite hostname="DCCPL0634" failures="0" tests="5" name="com.qa.opencart.tests.HomePageTest" time="1.020" errors="0" timestamp="2024-10-05T10:09:18 IST" skipped="0">
  <testcase classname="com.qa.opencart.tests.HomePageTest" name="searchResultTest" time="0.270"/>
  <system-out/>
  <testcase classname="com.qa.opencart.tests.HomePageTest" name="searchResultTest" time="0.314"/>
  <system-out/>
  <testcase classname="com.qa.opencart.tests.HomePageTest" name="homePageTitleTest" time="0.024"/>
  <system-out/>
  <testcase classname="com.qa.opencart.tests.HomePageTest" name="searchResultTest" time="0.405"/>
  <system-out/>
  <testcase classname="com.qa.opencart.tests.HomePageTest" name="homePageUrlTest" time="0.007"/>
  <system-out/>
</testsuite> <!-- com.qa.opencart.tests.HomePageTest -->
