<?xml version="1.0" encoding="UTF-8"?>
<!-- Generated by org.testng.reporters.JUnitReportReporter -->
<testsuite hostname="DCCPL0634" failures="0" tests="3" name="com.qa.opencart.tests.LoginPageTest" time="0.771" errors="0" timestamp="14 Oct 2024 09:03:08 GMT" skipped="0">
  <testcase classname="com.qa.opencart.tests.LoginPageTest" name="loginPageNavigatonTest" time="0.391"/>
  <testcase classname="com.qa.opencart.tests.LoginPageTest" name="forgotPwdLinkExistTest" time="0.010"/>
  <testcase classname="com.qa.opencart.tests.LoginPageTest" name="appLoginTest" time="0.370"/>
</testsuite> <!-- com.qa.opencart.tests.LoginPageTest -->
