<?xml version="1.0" encoding="UTF-8"?>
<!-- Generated by org.testng.reporters.JUnitReportReporter -->
<testsuite hostname="DCCPL0634" failures="0" tests="3" name="com.qa.opencart.tests.LoginPageTest" time="0.767" errors="0" timestamp="2024-10-08T08:13:01 IST" skipped="0">
  <testcase classname="com.qa.opencart.tests.LoginPageTest" name="loginPageNavigatonTest" time="0.490"/>
  <system-out/>
  <testcase classname="com.qa.opencart.tests.LoginPageTest" name="forgotPwdLinkExistTest" time="0.021"/>
  <system-out/>
  <testcase classname="com.qa.opencart.tests.LoginPageTest" name="appLoginTest" time="0.256"/>
  <system-out/>
</testsuite> <!-- com.qa.opencart.tests.LoginPageTest -->
