<?xml version="1.0" encoding="UTF-8"?>
<!-- Generated by org.testng.reporters.JUnitReportReporter -->
<testsuite hostname="DCCPL0634" failures="0" tests="3" name="com.qa.opencart.tests.LoginPageTest" time="1.384" errors="0" timestamp="08 Oct 2024 09:57:10 GMT" skipped="0">
  <testcase classname="com.qa.opencart.tests.LoginPageTest" name="loginPageNavigatonTest" time="0.752"/>
  <testcase classname="com.qa.opencart.tests.LoginPageTest" name="forgotPwdLinkExistTest" time="0.014"/>
  <testcase classname="com.qa.opencart.tests.LoginPageTest" name="appLoginTest" time="0.618"/>
</testsuite> <!-- com.qa.opencart.tests.LoginPageTest -->
