<?xml version="1.0" encoding="UTF-8"?>
<!-- Generated by org.testng.reporters.JUnitReportReporter -->
<testsuite hostname="DCCPL0634" failures="0" tests="5" name="com.qa.opencart.tests.HomePageTest" time="1.442" errors="0" timestamp="08 Oct 2024 08:49:36 GMT" skipped="0">
  <testcase classname="com.qa.opencart.tests.HomePageTest" name="homePageTitleTest" time="0.317"/>
  <testcase classname="com.qa.opencart.tests.HomePageTest" name="searchResultTest" time="0.264"/>
  <testcase classname="com.qa.opencart.tests.HomePageTest" name="homePageUrlTest" time="0.214"/>
  <testcase classname="com.qa.opencart.tests.HomePageTest" name="searchResultTest" time="0.329"/>
  <testcase classname="com.qa.opencart.tests.HomePageTest" name="searchResultTest" time="0.318"/>
</testsuite> <!-- com.qa.opencart.tests.HomePageTest -->
