<?xml version="1.0" encoding="UTF-8"?>
<!-- Generated by org.testng.reporters.JUnitReportReporter -->
<testsuite hostname="DCCPL0634" failures="0" tests="3" name="com.qa.opencart.tests.LoginPageTest" time="0.791" errors="0" timestamp="2024-10-07T18:14:37 IST" skipped="0">
  <testcase classname="com.qa.opencart.tests.LoginPageTest" name="loginPageNavigatonTest" time="0.476"/>
  <system-out/>
  <testcase classname="com.qa.opencart.tests.LoginPageTest" name="forgotPwdLinkExistTest" time="0.028"/>
  <system-out/>
  <testcase classname="com.qa.opencart.tests.LoginPageTest" name="appLoginTest" time="0.287"/>
  <system-out/>
</testsuite> <!-- com.qa.opencart.tests.LoginPageTest -->
