<?xml version="1.0" encoding="UTF-8"?>
<!-- Generated by org.testng.reporters.JUnitReportReporter -->
<testsuite hostname="DCCPL0634" failures="0" tests="5" name="com.qa.opencart.tests.HomePageTest" time="1.061" errors="0" timestamp="2024-10-08T08:13:02 IST" skipped="0">
  <testcase classname="com.qa.opencart.tests.HomePageTest" name="searchResultTest" time="0.265"/>
  <system-out/>
  <testcase classname="com.qa.opencart.tests.HomePageTest" name="searchResultTest" time="0.304"/>
  <system-out/>
  <testcase classname="com.qa.opencart.tests.HomePageTest" name="homePageUrlTest" time="0.002"/>
  <system-out/>
  <testcase classname="com.qa.opencart.tests.HomePageTest" name="homePageTitleTest" time="0.025"/>
  <system-out/>
  <testcase classname="com.qa.opencart.tests.HomePageTest" name="searchResultTest" time="0.465"/>
  <system-out/>
</testsuite> <!-- com.qa.opencart.tests.HomePageTest -->
