<?xml version="1.0" encoding="UTF-8"?>
<!-- Generated by org.testng.reporters.JUnitReportReporter -->
<testsuite hostname="DCCPL0634" failures="0" tests="5" name="com.qa.opencart.tests.HomePageTest" time="1.315" errors="0" timestamp="2024-10-07T06:50:01 IST" skipped="0">
  <testcase classname="com.qa.opencart.tests.HomePageTest" name="searchResultTest" time="0.340"/>
  <system-out/>
  <testcase classname="com.qa.opencart.tests.HomePageTest" name="searchResultTest" time="0.551"/>
  <system-out/>
  <testcase classname="com.qa.opencart.tests.HomePageTest" name="homePageUrlTest" time="0.005"/>
  <system-out/>
  <testcase classname="com.qa.opencart.tests.HomePageTest" name="homePageTitleTest" time="0.018"/>
  <system-out/>
  <testcase classname="com.qa.opencart.tests.HomePageTest" name="searchResultTest" time="0.401"/>
  <system-out/>
</testsuite> <!-- com.qa.opencart.tests.HomePageTest -->
